23-05-2019: Express running → PORT 3005
23-05-2019: hey up
23-05-2019: 5ce66f536050860093b6c74f
23-05-2019: GET /delete-profile?id=5ce66f536050860093b6c74f 302 46 - 21.599 ms
23-05-2019: GET /delete-profile?id=5ce66f536050860093b6c74f 302 46 - 21.599 ms
23-05-2019: db connected
23-05-2019: db closed
23-05-2019: deleted a single record
23-05-2019: GET / 200 4848 - 2552.361 ms
23-05-2019: GET /favicon.ico - - - - ms
23-05-2019: hey up
23-05-2019: 5ce66f64f444b700ab1938ef
23-05-2019: GET /delete-profile?id=5ce66f64f444b700ab1938ef 302 46 - 4.666 ms
23-05-2019: GET /delete-profile?id=5ce66f64f444b700ab1938ef 302 46 - 4.666 ms
23-05-2019: db connected
23-05-2019: db closed
23-05-2019: deleted a single record
23-05-2019: GET / 200 4457 - 2081.934 ms
23-05-2019: GET /favicon.ico - - - - ms
23-05-2019: GET /add-profile 200 1245 - 34.657 ms
23-05-2019: GET /add-profile 200 1245 - 34.657 ms
23-05-2019: GET /favicon.ico - - - - ms
23-05-2019: POST /add-profile 302 46 - 23.993 ms
23-05-2019: POST /add-profile 302 46 - 23.993 ms
23-05-2019: db connected
23-05-2019: db connected
23-05-2019: db closed
23-05-2019: db closed
23-05-2019: GET / 200 4855 - 2062.826 ms
23-05-2019: GET /favicon.ico - - - - ms
23-05-2019: GET /favicon.ico - - - - ms
23-05-2019: GET /favicon.ico - - - - ms
23-05-2019: db disconnected due to node process ending
23-05-2019: db disconnected due to node process ending
23-05-2019: db disconnected due to node process ending
23-05-2019: db disconnected due to node process ending
23-05-2019: db disconnected due to node process ending
23-05-2019: db disconnected due to node process ending
23-05-2019: Express running → PORT 3005
11-07-2019: Express running → PORT 3005
11-07-2019: Express running → PORT 3005
11-07-2019: Express running → PORT 3005
11-07-2019: Express running → PORT 3005
11-07-2019: Express running → PORT 3005
11-07-2019: Express running → PORT 3005
11-07-2019: Express running → PORT 3005
11-07-2019: Express running → PORT 3005
11-07-2019: Express running → PORT 3005
11-07-2019: Express running → PORT 3005
11-07-2019: Express running → PORT 3005
11-07-2019: Express running → PORT 3005
11-07-2019: Express running → PORT 3005
11-07-2019: Express running → PORT 3005
11-07-2019: Express running → PORT 3005
11-07-2019: Express running → PORT 3005
21-08-2019: express-validator: requires to express-validator/check are deprecated.You should just use require("express-validator") instead.
21-08-2019: express-validator: requires to express-validator/filter are deprecated.You should just use require("express-validator") instead.
21-08-2019: Express running → PORT 3005
21-08-2019: { MongoNetworkError: failed to connect to server [localhost:27017] on first connect [MongoNetworkError: connect ECONNREFUSED 127.0.0.1:27017]
21-08-2019:     at Pool.<anonymous> (/var/www/juanportal/node_modules/mongodb-core/lib/topologies/server.js:431:11)
21-08-2019:     at Pool.emit (events.js:189:13)
21-08-2019:     at connect (/var/www/juanportal/node_modules/mongodb-core/lib/connection/pool.js:557:14)
21-08-2019:     at makeConnection (/var/www/juanportal/node_modules/mongodb-core/lib/connection/connect.js:39:11)
21-08-2019:     at callback (/var/www/juanportal/node_modules/mongodb-core/lib/connection/connect.js:261:5)
21-08-2019:     at Socket.err (/var/www/juanportal/node_modules/mongodb-core/lib/connection/connect.js:286:7)
21-08-2019:     at Object.onceWrapper (events.js:277:13)
21-08-2019:     at Socket.emit (events.js:189:13)
21-08-2019:     at emitErrorNT (internal/streams/destroy.js:82:8)
21-08-2019:     at emitErrorAndCloseNT (internal/streams/destroy.js:50:3)
21-08-2019:     at process._tickCallback (internal/process/next_tick.js:63:19)
21-08-2019:   name: 'MongoNetworkError',
21-08-2019:   errorLabels: [ 'TransientTransactionError' ],
21-08-2019:   [Symbol(mongoErrorContextSymbol)]: {} }
21-08-2019: GET / - - - - ms
21-08-2019: express-validator: requires to express-validator/check are deprecated.You should just use require("express-validator") instead.
21-08-2019: express-validator: requires to express-validator/filter are deprecated.You should just use require("express-validator") instead.
21-08-2019: Express running → PORT 3005
21-08-2019: GET / - - - - ms
21-08-2019: { MongoNetworkError: failed to connect to server [10.30.40.62:27017] on first connect [MongoNetworkError: connection timed out]
21-08-2019:     at Pool.<anonymous> (/var/www/juanportal/node_modules/mongodb-core/lib/topologies/server.js:431:11)
21-08-2019:     at Pool.emit (events.js:189:13)
21-08-2019:     at connect (/var/www/juanportal/node_modules/mongodb-core/lib/connection/pool.js:557:14)
21-08-2019:     at makeConnection (/var/www/juanportal/node_modules/mongodb-core/lib/connection/connect.js:39:11)
21-08-2019:     at callback (/var/www/juanportal/node_modules/mongodb-core/lib/connection/connect.js:261:5)
21-08-2019:     at Socket.err (/var/www/juanportal/node_modules/mongodb-core/lib/connection/connect.js:286:7)
21-08-2019:     at Object.onceWrapper (events.js:277:13)
21-08-2019:     at Socket.emit (events.js:189:13)
21-08-2019:     at Socket._onTimeout (net.js:440:8)
21-08-2019:     at ontimeout (timers.js:436:11)
21-08-2019:     at tryOnTimeout (timers.js:300:5)
21-08-2019:     at listOnTimeout (timers.js:263:5)
21-08-2019:     at Timer.processTimers (timers.js:223:10)
21-08-2019:   name: 'MongoNetworkError',
21-08-2019:   errorLabels: [ 'TransientTransactionError' ],
21-08-2019:   [Symbol(mongoErrorContextSymbol)]: {} }
21-08-2019: express-validator: requires to express-validator/check are deprecated.You should just use require("express-validator") instead.
21-08-2019: express-validator: requires to express-validator/filter are deprecated.You should just use require("express-validator") instead.
21-08-2019: Express running → PORT 3005
21-08-2019: GET / 200 1538 - 2233.308 ms
21-08-2019: express-validator: requires to express-validator/check are deprecated.You should just use require("express-validator") instead.
21-08-2019: express-validator: requires to express-validator/filter are deprecated.You should just use require("express-validator") instead.
21-08-2019: Express running → PORT 3005
21-08-2019: GET / 200 1538 - 2184.756 ms
21-08-2019: express-validator: requires to express-validator/check are deprecated.You should just use require("express-validator") instead.
21-08-2019: express-validator: requires to express-validator/filter are deprecated.You should just use require("express-validator") instead.
21-08-2019: Express running → PORT 3005
21-08-2019: GET / 200 1538 - 2512.993 ms
21-08-2019: db connected
21-08-2019: GET / 200 1538 - 93.105 ms
21-08-2019: db closed
21-08-2019: GET /favicon.ico - - - - ms
21-08-2019: db connected
21-08-2019: GET / 200 1538 - 76.478 ms
21-08-2019: db closed
21-08-2019: GET /favicon.ico - - - - ms
21-08-2019: db connected
21-08-2019: GET / 200 1538 - 66.209 ms
21-08-2019: db closed
21-08-2019: GET /favicon.ico - - - - ms
21-08-2019: db connected
21-08-2019: GET / 200 1538 - 61.072 ms
21-08-2019: db closed
21-08-2019: GET /favicon.ico - - - - ms
21-08-2019: db connected
21-08-2019: GET / 200 1538 - 67.252 ms
21-08-2019: db closed
21-08-2019: GET /favicon.ico - - - - ms
21-08-2019: GET /favicon.ico - - - - ms
21-08-2019: db connected
21-08-2019: GET / 200 1538 - 60.951 ms
21-08-2019: db closed
21-08-2019: db connected
21-08-2019: GET / 200 1538 - 49.928 ms
21-08-2019: db closed
21-08-2019: GET /favicon.ico - - - - ms
21-08-2019: db connected
21-08-2019: GET / 200 1538 - 79.369 ms
21-08-2019: db closed
21-08-2019: GET /favicon.ico - - - - ms
21-08-2019: GET /favicon.ico - - - - ms
