21-08-2019: express-validator: requires to express-validator/check are deprecated.You should just use require("express-validator") instead.
21-08-2019: express-validator: requires to express-validator/filter are deprecated.You should just use require("express-validator") instead.
21-08-2019: { MongoNetworkError: failed to connect to server [localhost:27017] on first connect [MongoNetworkError: connect ECONNREFUSED 127.0.0.1:27017]
21-08-2019:     at Pool.<anonymous> (/var/www/juanportal/node_modules/mongodb-core/lib/topologies/server.js:431:11)
21-08-2019:     at Pool.emit (events.js:189:13)
21-08-2019:     at connect (/var/www/juanportal/node_modules/mongodb-core/lib/connection/pool.js:557:14)
21-08-2019:     at makeConnection (/var/www/juanportal/node_modules/mongodb-core/lib/connection/connect.js:39:11)
21-08-2019:     at callback (/var/www/juanportal/node_modules/mongodb-core/lib/connection/connect.js:261:5)
21-08-2019:     at Socket.err (/var/www/juanportal/node_modules/mongodb-core/lib/connection/connect.js:286:7)
21-08-2019:     at Object.onceWrapper (events.js:277:13)
21-08-2019:     at Socket.emit (events.js:189:13)
21-08-2019:     at emitErrorNT (internal/streams/destroy.js:82:8)
21-08-2019:     at emitErrorAndCloseNT (internal/streams/destroy.js:50:3)
21-08-2019:     at process._tickCallback (internal/process/next_tick.js:63:19)
21-08-2019:   name: 'MongoNetworkError',
21-08-2019:   errorLabels: [ 'TransientTransactionError' ],
21-08-2019:   [Symbol(mongoErrorContextSymbol)]: {} }
21-08-2019: express-validator: requires to express-validator/check are deprecated.You should just use require("express-validator") instead.
21-08-2019: express-validator: requires to express-validator/filter are deprecated.You should just use require("express-validator") instead.
21-08-2019: { MongoNetworkError: failed to connect to server [10.30.40.62:27017] on first connect [MongoNetworkError: connection timed out]
21-08-2019:     at Pool.<anonymous> (/var/www/juanportal/node_modules/mongodb-core/lib/topologies/server.js:431:11)
21-08-2019:     at Pool.emit (events.js:189:13)
21-08-2019:     at connect (/var/www/juanportal/node_modules/mongodb-core/lib/connection/pool.js:557:14)
21-08-2019:     at makeConnection (/var/www/juanportal/node_modules/mongodb-core/lib/connection/connect.js:39:11)
21-08-2019:     at callback (/var/www/juanportal/node_modules/mongodb-core/lib/connection/connect.js:261:5)
21-08-2019:     at Socket.err (/var/www/juanportal/node_modules/mongodb-core/lib/connection/connect.js:286:7)
21-08-2019:     at Object.onceWrapper (events.js:277:13)
21-08-2019:     at Socket.emit (events.js:189:13)
21-08-2019:     at Socket._onTimeout (net.js:440:8)
21-08-2019:     at ontimeout (timers.js:436:11)
21-08-2019:     at tryOnTimeout (timers.js:300:5)
21-08-2019:     at listOnTimeout (timers.js:263:5)
21-08-2019:     at Timer.processTimers (timers.js:223:10)
21-08-2019:   name: 'MongoNetworkError',
21-08-2019:   errorLabels: [ 'TransientTransactionError' ],
21-08-2019:   [Symbol(mongoErrorContextSymbol)]: {} }
21-08-2019: express-validator: requires to express-validator/check are deprecated.You should just use require("express-validator") instead.
21-08-2019: express-validator: requires to express-validator/filter are deprecated.You should just use require("express-validator") instead.
21-08-2019: express-validator: requires to express-validator/check are deprecated.You should just use require("express-validator") instead.
21-08-2019: express-validator: requires to express-validator/filter are deprecated.You should just use require("express-validator") instead.
21-08-2019: express-validator: requires to express-validator/check are deprecated.You should just use require("express-validator") instead.
21-08-2019: express-validator: requires to express-validator/filter are deprecated.You should just use require("express-validator") instead.
